<?xml version="1.0" encoding="UTF-8"?>
<!-- Generated by org.testng.reporters.JUnitXMLReporter -->
<testsuite ignored="0" hostname="LAPTOP-MQBS94J1" failures="1" tests="2" name="Default test(failed)" time="6.31" errors="0" timestamp="2025-03-18T15:13:16 IST">
  <testcase classname="frameworkDesign.Tests.StandAloneTest" name="standAloneTest" time="2.157">
    <failure type="java.lang.AssertionError" message="expected [true] but found [false]">
      <![CDATA[java.lang.AssertionError: expected [true] but found [false]
at frameworkDesign.Tests.StandAloneTest.standAloneTest(StandAloneTest.java:37)
at java.base/java.util.ArrayList.forEach(ArrayList.java:1511)
... Removed 31 stack frames]]>
    </failure>
  </testcase> <!-- standAloneTest -->
  <testcase classname="frameworkDesign.Tests.StandAloneTest" name="checkOrderHistory" time="0.0">
    <skipped/>
  </testcase> <!-- checkOrderHistory -->
</testsuite> <!-- Default test(failed) -->
